[0.493s] Invoking command in '/home/xinyue/ros2_ws/src/moveit_demo': DEBUGINFOD_URLS=https://debuginfod.ubuntu.com PYTHONPATH=/home/xinyue/ros2_ws/src/moveit_demo/build/moveit_demo/prefix_override:/usr/lib/python3/dist-packages/colcon_core/task/python/colcon_distutils_commands:/home/xinyue/ros2_ws/src/moveit_demo/install/moveit_demo/lib/python3.12/site-packages:${PYTHONPATH} /usr/bin/python3 -W ignore:setup.py install is deprecated -W ignore:easy_install command is deprecated setup.py egg_info --egg-base build/moveit_demo build --build-base /home/xinyue/ros2_ws/src/moveit_demo/build/moveit_demo/build install --record /home/xinyue/ros2_ws/src/moveit_demo/build/moveit_demo/install.log --single-version-externally-managed install_data
[0.663s] running egg_info
[0.663s] creating build/moveit_demo/moveit_demo.egg-info
[0.670s] writing build/moveit_demo/moveit_demo.egg-info/PKG-INFO
[0.670s] writing dependency_links to build/moveit_demo/moveit_demo.egg-info/dependency_links.txt
[0.670s] writing entry points to build/moveit_demo/moveit_demo.egg-info/entry_points.txt
[0.670s] writing requirements to build/moveit_demo/moveit_demo.egg-info/requires.txt
[0.670s] writing top-level names to build/moveit_demo/moveit_demo.egg-info/top_level.txt
[0.670s] writing manifest file 'build/moveit_demo/moveit_demo.egg-info/SOURCES.txt'
[0.688s] reading manifest file 'build/moveit_demo/moveit_demo.egg-info/SOURCES.txt'
[0.688s] writing manifest file 'build/moveit_demo/moveit_demo.egg-info/SOURCES.txt'
[0.688s] running build
[0.688s] running build_py
[0.689s] creating /home/xinyue/ros2_ws/src/moveit_demo/build/moveit_demo/build
[0.689s] creating /home/xinyue/ros2_ws/src/moveit_demo/build/moveit_demo/build/lib
[0.689s] creating /home/xinyue/ros2_ws/src/moveit_demo/build/moveit_demo/build/lib/moveit_demo
[0.689s] copying moveit_demo/__init__.py -> /home/xinyue/ros2_ws/src/moveit_demo/build/moveit_demo/build/lib/moveit_demo
[0.689s] copying moveit_demo/simple_grasping_demo.py -> /home/xinyue/ros2_ws/src/moveit_demo/build/moveit_demo/build/lib/moveit_demo
[0.689s] copying moveit_demo/moveit_demo.py -> /home/xinyue/ros2_ws/src/moveit_demo/build/moveit_demo/build/lib/moveit_demo
[0.689s] copying moveit_demo/object_grasping_demo_updated.py -> /home/xinyue/ros2_ws/src/moveit_demo/build/moveit_demo/build/lib/moveit_demo
[0.689s] copying moveit_demo/moveit_demo_grasping.py -> /home/xinyue/ros2_ws/src/moveit_demo/build/moveit_demo/build/lib/moveit_demo
[0.689s] running install
[0.692s] running install_lib
[0.700s] creating /home/xinyue/ros2_ws/src/moveit_demo/install/moveit_demo/lib/python3.12/site-packages/moveit_demo
[0.700s] copying /home/xinyue/ros2_ws/src/moveit_demo/build/moveit_demo/build/lib/moveit_demo/__init__.py -> /home/xinyue/ros2_ws/src/moveit_demo/install/moveit_demo/lib/python3.12/site-packages/moveit_demo
[0.700s] copying /home/xinyue/ros2_ws/src/moveit_demo/build/moveit_demo/build/lib/moveit_demo/simple_grasping_demo.py -> /home/xinyue/ros2_ws/src/moveit_demo/install/moveit_demo/lib/python3.12/site-packages/moveit_demo
[0.700s] copying /home/xinyue/ros2_ws/src/moveit_demo/build/moveit_demo/build/lib/moveit_demo/moveit_demo.py -> /home/xinyue/ros2_ws/src/moveit_demo/install/moveit_demo/lib/python3.12/site-packages/moveit_demo
[0.701s] copying /home/xinyue/ros2_ws/src/moveit_demo/build/moveit_demo/build/lib/moveit_demo/object_grasping_demo_updated.py -> /home/xinyue/ros2_ws/src/moveit_demo/install/moveit_demo/lib/python3.12/site-packages/moveit_demo
[0.701s] copying /home/xinyue/ros2_ws/src/moveit_demo/build/moveit_demo/build/lib/moveit_demo/moveit_demo_grasping.py -> /home/xinyue/ros2_ws/src/moveit_demo/install/moveit_demo/lib/python3.12/site-packages/moveit_demo
[0.701s] byte-compiling /home/xinyue/ros2_ws/src/moveit_demo/install/moveit_demo/lib/python3.12/site-packages/moveit_demo/__init__.py to __init__.cpython-312.pyc
[0.701s] byte-compiling /home/xinyue/ros2_ws/src/moveit_demo/install/moveit_demo/lib/python3.12/site-packages/moveit_demo/simple_grasping_demo.py to simple_grasping_demo.cpython-312.pyc
[0.701s] byte-compiling /home/xinyue/ros2_ws/src/moveit_demo/install/moveit_demo/lib/python3.12/site-packages/moveit_demo/moveit_demo.py to moveit_demo.cpython-312.pyc
[0.702s] byte-compiling /home/xinyue/ros2_ws/src/moveit_demo/install/moveit_demo/lib/python3.12/site-packages/moveit_demo/object_grasping_demo_updated.py to object_grasping_demo_updated.cpython-312.pyc
[0.703s] byte-compiling /home/xinyue/ros2_ws/src/moveit_demo/install/moveit_demo/lib/python3.12/site-packages/moveit_demo/moveit_demo_grasping.py to moveit_demo_grasping.cpython-312.pyc
[0.704s] running install_data
[0.704s] creating /home/xinyue/ros2_ws/src/moveit_demo/install/moveit_demo/share/ament_index
[0.704s] creating /home/xinyue/ros2_ws/src/moveit_demo/install/moveit_demo/share/ament_index/resource_index
[0.704s] creating /home/xinyue/ros2_ws/src/moveit_demo/install/moveit_demo/share/ament_index/resource_index/packages
[0.704s] copying resources/moveit_demo -> /home/xinyue/ros2_ws/src/moveit_demo/install/moveit_demo/share/ament_index/resource_index/packages
[0.705s] copying package.xml -> /home/xinyue/ros2_ws/src/moveit_demo/install/moveit_demo/share/moveit_demo
[0.705s] creating /home/xinyue/ros2_ws/src/moveit_demo/install/moveit_demo/share/moveit_demo/config
[0.705s] copying config/ur5e.srdf.xacro -> /home/xinyue/ros2_ws/src/moveit_demo/install/moveit_demo/share/moveit_demo/config
[0.705s] copying config/ur5e.urdf.xacro -> /home/xinyue/ros2_ws/src/moveit_demo/install/moveit_demo/share/moveit_demo/config
[0.705s] copying config/moveit_py.yaml -> /home/xinyue/ros2_ws/src/moveit_demo/install/moveit_demo/share/moveit_demo/config
[0.706s] copying config/ompl_planning.yaml -> /home/xinyue/ros2_ws/src/moveit_demo/install/moveit_demo/share/moveit_demo/config
[0.706s] copying config/moveit_py_config.yaml -> /home/xinyue/ros2_ws/src/moveit_demo/install/moveit_demo/share/moveit_demo/config
[0.706s] copying config/chomp_planning.yaml -> /home/xinyue/ros2_ws/src/moveit_demo/install/moveit_demo/share/moveit_demo/config
[0.707s] copying config/pilz_industrial_motion_planner_planning.yaml -> /home/xinyue/ros2_ws/src/moveit_demo/install/moveit_demo/share/moveit_demo/config
[0.707s] creating /home/xinyue/ros2_ws/src/moveit_demo/install/moveit_demo/share/moveit_demo/launch
[0.707s] copying launch/object_grasping_demo.launch.py -> /home/xinyue/ros2_ws/src/moveit_demo/install/moveit_demo/share/moveit_demo/launch
[0.707s] copying launch/moveit_demo.launch.py -> /home/xinyue/ros2_ws/src/moveit_demo/install/moveit_demo/share/moveit_demo/launch
[0.707s] running install_egg_info
[0.716s] Copying build/moveit_demo/moveit_demo.egg-info to /home/xinyue/ros2_ws/src/moveit_demo/install/moveit_demo/lib/python3.12/site-packages/moveit_demo-0.1.0-py3.12.egg-info
[0.717s] running install_scripts
[0.784s] Installing moveit_demo script to /home/xinyue/ros2_ws/src/moveit_demo/install/moveit_demo/lib/moveit_demo
[0.784s] Installing moveit_grasping_demo script to /home/xinyue/ros2_ws/src/moveit_demo/install/moveit_demo/lib/moveit_demo
[0.784s] Installing object_grasping_demo_updated script to /home/xinyue/ros2_ws/src/moveit_demo/install/moveit_demo/lib/moveit_demo
[0.784s] Installing simple_grasping_demo script to /home/xinyue/ros2_ws/src/moveit_demo/install/moveit_demo/lib/moveit_demo
[0.784s] writing list of installed files to '/home/xinyue/ros2_ws/src/moveit_demo/build/moveit_demo/install.log'
[0.800s] Invoked command in '/home/xinyue/ros2_ws/src/moveit_demo' returned '0': DEBUGINFOD_URLS=https://debuginfod.ubuntu.com PYTHONPATH=/home/xinyue/ros2_ws/src/moveit_demo/build/moveit_demo/prefix_override:/usr/lib/python3/dist-packages/colcon_core/task/python/colcon_distutils_commands:/home/xinyue/ros2_ws/src/moveit_demo/install/moveit_demo/lib/python3.12/site-packages:${PYTHONPATH} /usr/bin/python3 -W ignore:setup.py install is deprecated -W ignore:easy_install command is deprecated setup.py egg_info --egg-base build/moveit_demo build --build-base /home/xinyue/ros2_ws/src/moveit_demo/build/moveit_demo/build install --record /home/xinyue/ros2_ws/src/moveit_demo/build/moveit_demo/install.log --single-version-externally-managed install_data
