/home/xinyue/ros2_ws/src/moveit_demo/install/moveit_demo/lib/python3.12/site-packages/moveit_demo/__init__.py
/home/xinyue/ros2_ws/src/moveit_demo/install/moveit_demo/lib/python3.12/site-packages/moveit_demo/simple_grasping_demo.py
/home/xinyue/ros2_ws/src/moveit_demo/install/moveit_demo/lib/python3.12/site-packages/moveit_demo/moveit_demo.py
/home/xinyue/ros2_ws/src/moveit_demo/install/moveit_demo/lib/python3.12/site-packages/moveit_demo/object_grasping_demo_updated.py
/home/xinyue/ros2_ws/src/moveit_demo/install/moveit_demo/lib/python3.12/site-packages/moveit_demo/moveit_demo_grasping.py
/home/xinyue/ros2_ws/src/moveit_demo/install/moveit_demo/lib/python3.12/site-packages/moveit_demo/__pycache__/__init__.cpython-312.pyc
/home/xinyue/ros2_ws/src/moveit_demo/install/moveit_demo/lib/python3.12/site-packages/moveit_demo/__pycache__/simple_grasping_demo.cpython-312.pyc
/home/xinyue/ros2_ws/src/moveit_demo/install/moveit_demo/lib/python3.12/site-packages/moveit_demo/__pycache__/moveit_demo.cpython-312.pyc
/home/xinyue/ros2_ws/src/moveit_demo/install/moveit_demo/lib/python3.12/site-packages/moveit_demo/__pycache__/object_grasping_demo_updated.cpython-312.pyc
/home/xinyue/ros2_ws/src/moveit_demo/install/moveit_demo/lib/python3.12/site-packages/moveit_demo/__pycache__/moveit_demo_grasping.cpython-312.pyc
/home/xinyue/ros2_ws/src/moveit_demo/install/moveit_demo/share/ament_index/resource_index/packages/moveit_demo
/home/xinyue/ros2_ws/src/moveit_demo/install/moveit_demo/share/moveit_demo/package.xml
/home/xinyue/ros2_ws/src/moveit_demo/install/moveit_demo/share/moveit_demo/config/ur5e.srdf.xacro
/home/xinyue/ros2_ws/src/moveit_demo/install/moveit_demo/share/moveit_demo/config/ur5e.urdf.xacro
/home/xinyue/ros2_ws/src/moveit_demo/install/moveit_demo/share/moveit_demo/config/moveit_py.yaml
/home/xinyue/ros2_ws/src/moveit_demo/install/moveit_demo/share/moveit_demo/config/ompl_planning.yaml
/home/xinyue/ros2_ws/src/moveit_demo/install/moveit_demo/share/moveit_demo/config/moveit_py_config.yaml
/home/xinyue/ros2_ws/src/moveit_demo/install/moveit_demo/share/moveit_demo/config/chomp_planning.yaml
/home/xinyue/ros2_ws/src/moveit_demo/install/moveit_demo/share/moveit_demo/config/pilz_industrial_motion_planner_planning.yaml
/home/xinyue/ros2_ws/src/moveit_demo/install/moveit_demo/share/moveit_demo/launch/object_grasping_demo.launch.py
/home/xinyue/ros2_ws/src/moveit_demo/install/moveit_demo/share/moveit_demo/launch/moveit_demo.launch.py
/home/xinyue/ros2_ws/src/moveit_demo/install/moveit_demo/lib/python3.12/site-packages/moveit_demo-0.1.0-py3.12.egg-info/top_level.txt
/home/xinyue/ros2_ws/src/moveit_demo/install/moveit_demo/lib/python3.12/site-packages/moveit_demo-0.1.0-py3.12.egg-info/dependency_links.txt
/home/xinyue/ros2_ws/src/moveit_demo/install/moveit_demo/lib/python3.12/site-packages/moveit_demo-0.1.0-py3.12.egg-info/SOURCES.txt
/home/xinyue/ros2_ws/src/moveit_demo/install/moveit_demo/lib/python3.12/site-packages/moveit_demo-0.1.0-py3.12.egg-info/zip-safe
/home/xinyue/ros2_ws/src/moveit_demo/install/moveit_demo/lib/python3.12/site-packages/moveit_demo-0.1.0-py3.12.egg-info/requires.txt
/home/xinyue/ros2_ws/src/moveit_demo/install/moveit_demo/lib/python3.12/site-packages/moveit_demo-0.1.0-py3.12.egg-info/entry_points.txt
/home/xinyue/ros2_ws/src/moveit_demo/install/moveit_demo/lib/python3.12/site-packages/moveit_demo-0.1.0-py3.12.egg-info/PKG-INFO
/home/xinyue/ros2_ws/src/moveit_demo/install/moveit_demo/lib/moveit_demo/moveit_demo
/home/xinyue/ros2_ws/src/moveit_demo/install/moveit_demo/lib/moveit_demo/moveit_grasping_demo
/home/xinyue/ros2_ws/src/moveit_demo/install/moveit_demo/lib/moveit_demo/object_grasping_demo_updated
/home/xinyue/ros2_ws/src/moveit_demo/install/moveit_demo/lib/moveit_demo/simple_grasping_demo
